<?xml version="1.0" encoding="UTF-8"?>
<testng-results ignored="0" total="1" passed="1" failed="0" skipped="0">
  <reporter-output>
  </reporter-output>
  <suite started-at="2022-09-03T21:13:15 IST" name="Default suite" finished-at="2022-09-03T21:13:22 IST" duration-ms="7030">
    <groups>
    </groups>
    <test started-at="2022-09-03T21:13:15 IST" name="Default test" finished-at="2022-09-03T21:13:22 IST" duration-ms="7030">
      <class name="Com.Assignment2.Test1">
        <test-method is-config="true" signature="LaunchApp()[pri:0, instance:Com.Assignment2.Test1@2a7f1f10]" started-at="2022-09-03T21:13:15 IST" name="LaunchApp" finished-at="2022-09-03T21:13:21 IST" duration-ms="5789" status="PASS">
          <reporter-output>
          </reporter-output>
        </test-method> <!-- LaunchApp -->
        <test-method signature="GooglesearchTest()[pri:0, instance:Com.Assignment2.Test1@2a7f1f10]" started-at="2022-09-03T21:13:21 IST" name="GooglesearchTest" finished-at="2022-09-03T21:13:22 IST" duration-ms="1214" status="PASS">
          <reporter-output>
          </reporter-output>
        </test-method> <!-- GooglesearchTest -->
      </class> <!-- Com.Assignment2.Test1 -->
    </test> <!-- Default test -->
  </suite> <!-- Default suite -->
</testng-results>
